<?xml version="1.0" encoding="UTF-8"?>
<testsuite name="ru.msu.cmc.webprak.DAO.DeliveriesDAOTest" tests="1" skipped="0" failures="0" errors="0" timestamp="2023-05-13T08:19:31" hostname="anastasia-huawei" time="0.739">
  <properties/>
  <testcase name="testSortings()" classname="ru.msu.cmc.webprak.DAO.DeliveriesDAOTest" time="0.739"/>
  <system-out><![CDATA[11:19:28.092 [Test worker] DEBUG org.springframework.boot.test.context.SpringBootTestContextBootstrapper -- Neither @ContextConfiguration nor @ContextHierarchy found for test class [DeliveriesDAOTest]: using SpringBootContextLoader
11:19:28.098 [Test worker] DEBUG org.springframework.test.context.support.AbstractContextLoader -- Could not detect default resource locations for test class [ru.msu.cmc.webprak.DAO.DeliveriesDAOTest]: no resource found for suffixes {-context.xml, Context.groovy}.
11:19:28.098 [Test worker] INFO org.springframework.test.context.support.AnnotationConfigContextLoaderUtils -- Could not detect default configuration classes for test class [ru.msu.cmc.webprak.DAO.DeliveriesDAOTest]: DeliveriesDAOTest does not declare any static, non-private, non-final, nested classes annotated with @Configuration.
11:19:28.119 [Test worker] DEBUG org.springframework.boot.test.context.SpringBootTestContextBootstrapper -- Using ContextCustomizers for test class [DeliveriesDAOTest]: [DisableObservabilityContextCustomizer, PropertyMappingContextCustomizer, Customizer, ExcludeFilterContextCustomizer, DuplicateJsonObjectContextCustomizer, MockitoContextCustomizer, TestRestTemplateContextCustomizer]
11:19:28.195 [Test worker] DEBUG org.springframework.context.annotation.ClassPathScanningCandidateComponentProvider -- Identified candidate component class: file [/home/anastasia/web-prak/build/classes/java/main/ru/msu/cmc/webprak/WebprakApplication.class]
11:19:28.197 [Test worker] INFO org.springframework.boot.test.context.SpringBootTestContextBootstrapper -- Found @SpringBootConfiguration ru.msu.cmc.webprak.WebprakApplication for test class ru.msu.cmc.webprak.DAO.DeliveriesDAOTest
11:19:28.275 [Test worker] DEBUG org.springframework.boot.test.context.SpringBootTestContextBootstrapper -- Using TestExecutionListeners for test class [DeliveriesDAOTest]: [ServletTestExecutionListener, DirtiesContextBeforeModesTestExecutionListener, ApplicationEventsTestExecutionListener, MockitoTestExecutionListener, DependencyInjectionTestExecutionListener, DirtiesContextTestExecutionListener, TransactionalTestExecutionListener, SqlScriptsTestExecutionListener, EventPublishingTestExecutionListener, RestDocsTestExecutionListener, MockRestServiceServerResetTestExecutionListener, MockMvcPrintOnlyOnFailureTestExecutionListener, WebDriverTestExecutionListener, MockWebServiceServerTestExecutionListener, ResetMocksTestExecutionListener]

  .   ____          _            __ _ _
 /\\ / ___'_ __ _ _(_)_ __  __ _ \ \ \ \
( ( )\___ | '_ | '_| | '_ \/ _` | \ \ \ \
 \\/  ___)| |_)| | | | | || (_| |  ) ) ) )
  '  |____| .__|_| |_|_| |_\__, | / / / /
 =========|_|==============|___/=/_/_/_/
 :: Spring Boot ::                (v3.0.6)

2023-05-13T11:19:28.490+03:00  INFO 64958 --- [    Test worker] r.msu.cmc.webprak.DAO.DeliveriesDAOTest  : Starting DeliveriesDAOTest using Java 19.0.2 with PID 64958 (started by anastasia in /home/anastasia/web-prak)
2023-05-13T11:19:28.492+03:00  INFO 64958 --- [    Test worker] r.msu.cmc.webprak.DAO.DeliveriesDAOTest  : No active profile set, falling back to 1 default profile: "default"
2023-05-13T11:19:29.383+03:00  INFO 64958 --- [    Test worker] .s.d.r.c.RepositoryConfigurationDelegate : Bootstrapping Spring Data JPA repositories in DEFAULT mode.
2023-05-13T11:19:29.406+03:00  INFO 64958 --- [    Test worker] .s.d.r.c.RepositoryConfigurationDelegate : Finished Spring Data repository scanning in 16 ms. Found 0 JPA repository interfaces.
2023-05-13T11:19:29.775+03:00  INFO 64958 --- [    Test worker] org.hibernate.Version                    : HHH000412: Hibernate ORM core version 6.1.7.Final
2023-05-13T11:19:30.290+03:00  INFO 64958 --- [    Test worker] SQL dialect                              : HHH000400: Using dialect: org.hibernate.dialect.PostgreSQLDialect
2023-05-13T11:19:31.157+03:00  INFO 64958 --- [    Test worker] o.h.e.t.j.p.i.JtaPlatformInitiator       : HHH000490: Using JtaPlatform implementation: [org.hibernate.engine.transaction.jta.platform.internal.NoJtaPlatform]
2023-05-13T11:19:31.526+03:00  INFO 64958 --- [    Test worker] o.s.b.a.w.s.WelcomePageHandlerMapping    : Adding welcome page template: index
2023-05-13T11:19:31.856+03:00  INFO 64958 --- [    Test worker] o.s.b.a.e.web.EndpointLinksResolver      : Exposing 1 endpoint(s) beneath base path '/actuator'
2023-05-13T11:19:31.907+03:00  INFO 64958 --- [    Test worker] r.msu.cmc.webprak.DAO.DeliveriesDAOTest  : Started DeliveriesDAOTest in 3.61 seconds (process running for 4.589)
]]></system-out>
  <system-err><![CDATA[]]></system-err>
</testsuite>
