<?xml version="1.0" encoding="UTF-8"?>
<testsuite name="ru.msu.cmc.webprak.DAO.BuyersDAOTest" tests="1" skipped="0" failures="0" errors="0" timestamp="2023-04-22T20:35:27" hostname="anastasia-huawei" time="5.857">
  <properties/>
  <testcase name="testCommon()" classname="ru.msu.cmc.webprak.DAO.BuyersDAOTest" time="5.857"/>
  <system-out><![CDATA[23:35:08.344 [Test worker] DEBUG org.springframework.boot.test.context.SpringBootTestContextBootstrapper - Neither @ContextConfiguration nor @ContextHierarchy found for test class [BuyersDAOTest]: using SpringBootContextLoader
23:35:08.373 [Test worker] DEBUG org.springframework.test.context.support.AbstractContextLoader - Could not detect default resource locations for test class [ru.msu.cmc.webprak.DAO.BuyersDAOTest]: no resource found for suffixes {-context.xml, Context.groovy}.
23:35:08.377 [Test worker] INFO org.springframework.test.context.support.AnnotationConfigContextLoaderUtils - Could not detect default configuration classes for test class [ru.msu.cmc.webprak.DAO.BuyersDAOTest]: BuyersDAOTest does not declare any static, non-private, non-final, nested classes annotated with @Configuration.
23:35:08.493 [Test worker] DEBUG org.springframework.boot.test.context.SpringBootTestContextBootstrapper - Using ContextCustomizers for test class [BuyersDAOTest]: [DisableObservabilityContextCustomizer, PropertyMappingContextCustomizer, Customizer, ExcludeFilterContextCustomizer, DuplicateJsonObjectContextCustomizer, MockitoContextCustomizer, TestRestTemplateContextCustomizer]
23:35:08.926 [Test worker] DEBUG org.springframework.context.annotation.ClassPathScanningCandidateComponentProvider - Identified candidate component class: file [/home/anastasia/web-prak/build/classes/java/main/ru/msu/cmc/webprak/WebprakApplication.class]
23:35:08.930 [Test worker] INFO org.springframework.boot.test.context.SpringBootTestContextBootstrapper - Found @SpringBootConfiguration ru.msu.cmc.webprak.WebprakApplication for test class ru.msu.cmc.webprak.DAO.BuyersDAOTest
23:35:09.428 [Test worker] DEBUG org.springframework.boot.test.context.SpringBootTestContextBootstrapper - Using TestExecutionListeners for test class [BuyersDAOTest]: [ServletTestExecutionListener, DirtiesContextBeforeModesTestExecutionListener, ApplicationEventsTestExecutionListener, MockitoTestExecutionListener, DependencyInjectionTestExecutionListener, DirtiesContextTestExecutionListener, TransactionalTestExecutionListener, SqlScriptsTestExecutionListener, EventPublishingTestExecutionListener, RestDocsTestExecutionListener, MockRestServiceServerResetTestExecutionListener, MockMvcPrintOnlyOnFailureTestExecutionListener, WebDriverTestExecutionListener, MockWebServiceServerTestExecutionListener, ResetMocksTestExecutionListener]

  .   ____          _            __ _ _
 /\\ / ___'_ __ _ _(_)_ __  __ _ \ \ \ \
( ( )\___ | '_ | '_| | '_ \/ _` | \ \ \ \
 \\/  ___)| |_)| | | | | || (_| |  ) ) ) )
  '  |____| .__|_| |_|_| |_\__, | / / / /
 =========|_|==============|___/=/_/_/_/
 :: Spring Boot ::                (v3.0.4)

2023-04-22T23:35:10.840+03:00  INFO 187777 --- [    Test worker] ru.msu.cmc.webprak.DAO.BuyersDAOTest     : Starting BuyersDAOTest using Java 19.0.2 with PID 187777 (started by anastasia in /home/anastasia/web-prak)
2023-04-22T23:35:10.845+03:00  INFO 187777 --- [    Test worker] ru.msu.cmc.webprak.DAO.BuyersDAOTest     : No active profile set, falling back to 1 default profile: "default"
2023-04-22T23:35:13.688+03:00  INFO 187777 --- [    Test worker] .s.d.r.c.RepositoryConfigurationDelegate : Bootstrapping Spring Data JPA repositories in DEFAULT mode.
2023-04-22T23:35:13.818+03:00  INFO 187777 --- [    Test worker] .s.d.r.c.RepositoryConfigurationDelegate : Finished Spring Data repository scanning in 94 ms. Found 0 JPA repository interfaces.
2023-04-22T23:35:15.682+03:00  INFO 187777 --- [    Test worker] org.hibernate.Version                    : HHH000412: Hibernate ORM core version 6.1.7.Final
2023-04-22T23:35:18.922+03:00  INFO 187777 --- [    Test worker] SQL dialect                              : HHH000400: Using dialect: org.hibernate.dialect.PostgreSQLDialect
2023-04-22T23:35:24.261+03:00  INFO 187777 --- [    Test worker] o.h.e.t.j.p.i.JtaPlatformInitiator       : HHH000490: Using JtaPlatform implementation: [org.hibernate.engine.transaction.jta.platform.internal.NoJtaPlatform]
2023-04-22T23:35:27.120+03:00  INFO 187777 --- [    Test worker] ru.msu.cmc.webprak.DAO.BuyersDAOTest     : Started BuyersDAOTest in 17.502 seconds (process running for 23.681)
]]></system-out>
  <system-err><![CDATA[]]></system-err>
</testsuite>
