<?xml version="1.0" encoding="UTF-8"?>
<testsuite name="ru.msu.cmc.webprak.DAO.SuppliesDAOTest" tests="2" skipped="0" failures="0" errors="0" timestamp="2023-04-22T18:08:40" hostname="anastasia-huawei" time="4.471">
  <properties/>
  <testcase name="testSortings()" classname="ru.msu.cmc.webprak.DAO.SuppliesDAOTest" time="3.859"/>
  <testcase name="testSimpleManipulations()" classname="ru.msu.cmc.webprak.DAO.SuppliesDAOTest" time="0.61"/>
  <system-out><![CDATA[21:08:21.773 [Test worker] DEBUG org.springframework.boot.test.context.SpringBootTestContextBootstrapper - Neither @ContextConfiguration nor @ContextHierarchy found for test class [SuppliesDAOTest]: using SpringBootContextLoader
21:08:21.807 [Test worker] DEBUG org.springframework.test.context.support.AbstractContextLoader - Could not detect default resource locations for test class [ru.msu.cmc.webprak.DAO.SuppliesDAOTest]: no resource found for suffixes {-context.xml, Context.groovy}.
21:08:21.811 [Test worker] INFO org.springframework.test.context.support.AnnotationConfigContextLoaderUtils - Could not detect default configuration classes for test class [ru.msu.cmc.webprak.DAO.SuppliesDAOTest]: SuppliesDAOTest does not declare any static, non-private, non-final, nested classes annotated with @Configuration.
21:08:21.939 [Test worker] DEBUG org.springframework.boot.test.context.SpringBootTestContextBootstrapper - Using ContextCustomizers for test class [SuppliesDAOTest]: [DisableObservabilityContextCustomizer, PropertyMappingContextCustomizer, Customizer, ExcludeFilterContextCustomizer, DuplicateJsonObjectContextCustomizer, MockitoContextCustomizer, TestRestTemplateContextCustomizer]
21:08:22.398 [Test worker] DEBUG org.springframework.context.annotation.ClassPathScanningCandidateComponentProvider - Identified candidate component class: file [/home/anastasia/web-prak/build/classes/java/main/ru/msu/cmc/webprak/WebprakApplication.class]
21:08:22.403 [Test worker] INFO org.springframework.boot.test.context.SpringBootTestContextBootstrapper - Found @SpringBootConfiguration ru.msu.cmc.webprak.WebprakApplication for test class ru.msu.cmc.webprak.DAO.SuppliesDAOTest
21:08:23.027 [Test worker] DEBUG org.springframework.boot.test.context.SpringBootTestContextBootstrapper - Using TestExecutionListeners for test class [SuppliesDAOTest]: [ServletTestExecutionListener, DirtiesContextBeforeModesTestExecutionListener, ApplicationEventsTestExecutionListener, MockitoTestExecutionListener, DependencyInjectionTestExecutionListener, DirtiesContextTestExecutionListener, TransactionalTestExecutionListener, SqlScriptsTestExecutionListener, EventPublishingTestExecutionListener, RestDocsTestExecutionListener, MockRestServiceServerResetTestExecutionListener, MockMvcPrintOnlyOnFailureTestExecutionListener, WebDriverTestExecutionListener, MockWebServiceServerTestExecutionListener, ResetMocksTestExecutionListener]

  .   ____          _            __ _ _
 /\\ / ___'_ __ _ _(_)_ __  __ _ \ \ \ \
( ( )\___ | '_ | '_| | '_ \/ _` | \ \ \ \
 \\/  ___)| |_)| | | | | || (_| |  ) ) ) )
  '  |____| .__|_| |_|_| |_\__, | / / / /
 =========|_|==============|___/=/_/_/_/
 :: Spring Boot ::                (v3.0.4)

2023-04-22T21:08:24.577+03:00  INFO 169652 --- [    Test worker] ru.msu.cmc.webprak.DAO.SuppliesDAOTest   : Starting SuppliesDAOTest using Java 19.0.2 with PID 169652 (started by anastasia in /home/anastasia/web-prak)
2023-04-22T21:08:24.585+03:00  INFO 169652 --- [    Test worker] ru.msu.cmc.webprak.DAO.SuppliesDAOTest   : No active profile set, falling back to 1 default profile: "default"
2023-04-22T21:08:27.900+03:00  INFO 169652 --- [    Test worker] .s.d.r.c.RepositoryConfigurationDelegate : Bootstrapping Spring Data JPA repositories in DEFAULT mode.
2023-04-22T21:08:28.071+03:00  INFO 169652 --- [    Test worker] .s.d.r.c.RepositoryConfigurationDelegate : Finished Spring Data repository scanning in 113 ms. Found 0 JPA repository interfaces.
2023-04-22T21:08:30.186+03:00  INFO 169652 --- [    Test worker] org.hibernate.Version                    : HHH000412: Hibernate ORM core version 6.1.7.Final
2023-04-22T21:08:33.567+03:00  INFO 169652 --- [    Test worker] SQL dialect                              : HHH000400: Using dialect: org.hibernate.dialect.PostgreSQLDialect
2023-04-22T21:08:38.337+03:00  INFO 169652 --- [    Test worker] o.h.e.t.j.p.i.JtaPlatformInitiator       : HHH000490: Using JtaPlatform implementation: [org.hibernate.engine.transaction.jta.platform.internal.NoJtaPlatform]
2023-04-22T21:08:40.625+03:00  INFO 169652 --- [    Test worker] ru.msu.cmc.webprak.DAO.SuppliesDAOTest   : Started SuppliesDAOTest in 17.429 seconds (process running for 23.594)
]]></system-out>
  <system-err><![CDATA[]]></system-err>
</testsuite>
